base_dir:  /home/ubuntu/FoodTestingBack
base_dir:  /home/ubuntu/FoodTestingBack
Watching for file changes with StatReloader
Performing system checks...

System check identified no issues (0 silenced).
October 19, 2022 - 01:41:09
Django version 4.1.2, using settings 'foodTestingProject.settings'
Starting development server at http://ec2-13-124-42-211.ap-northeast-2.compute.amazonaws.com:8000/
Quit the server with CONTROL-C.
base_dir:  /home/ubuntu/FoodTestingBack
base_dir:  /home/ubuntu/FoodTestingBack
Watching for file changes with StatReloader
Performing system checks...

System check identified no issues (0 silenced).
October 19, 2022 - 01:42:08
Django version 4.1.2, using settings 'foodTestingProject.settings'
Starting development server at http://ec2-13-124-42-211.ap-northeast-2.compute.amazonaws.com:8000/
Quit the server with CONTROL-C.
Error: That port is already in use.
base_dir:  /home/ubuntu/FoodTestingBack
base_dir:  /home/ubuntu/FoodTestingBack
Watching for file changes with StatReloader
Performing system checks...

System check identified no issues (0 silenced).
October 19, 2022 - 01:43:03
Django version 4.1.2, using settings 'foodTestingProject.settings'
Starting development server at http://ec2-13-124-42-211.ap-northeast-2.compute.amazonaws.com:8000/
Quit the server with CONTROL-C.
Error: That port is already in use.
base_dir:  /home/ubuntu/FoodTestingBack
base_dir:  /home/ubuntu/FoodTestingBack
Watching for file changes with StatReloader
Performing system checks...

System check identified no issues (0 silenced).
October 19, 2022 - 01:43:21
Django version 4.1.2, using settings 'foodTestingProject.settings'
Starting development server at http://ec2-13-124-42-211.ap-northeast-2.compute.amazonaws.com:8000/
Quit the server with CONTROL-C.
Error: That port is already in use.
base_dir:  /home/ubuntu/FoodTestingBack
base_dir:  /home/ubuntu/FoodTestingBack
Watching for file changes with StatReloader
Performing system checks...

System check identified no issues (0 silenced).
October 19, 2022 - 01:49:22
Django version 4.1.2, using settings 'foodTestingProject.settings'
Starting development server at http://ec2-13-124-42-211.ap-northeast-2.compute.amazonaws.com:8000/
Quit the server with CONTROL-C.
Error: That port is already in use.
base_dir:  /home/ubuntu/FoodTestingBack
base_dir:  /home/ubuntu/FoodTestingBack
Watching for file changes with StatReloader
Performing system checks...

System check identified no issues (0 silenced).
October 19, 2022 - 01:51:01
Django version 4.1.2, using settings 'foodTestingProject.settings'
Starting development server at http://ec2-13-124-42-211.ap-northeast-2.compute.amazonaws.com:8000/
Quit the server with CONTROL-C.
Not Found: /
[19/Oct/2022 01:51:13] "GET / HTTP/1.1" 404 3449
Not Found: /
[19/Oct/2022 01:51:23] "GET / HTTP/1.1" 404 3449
[19/Oct/2022 01:51:28] "GET /admin/ HTTP/1.1" 200 6366
[19/Oct/2022 01:51:28] "GET /admin/ HTTP/1.1" 200 6366
[19/Oct/2022 01:54:05] "GET /admin/app/customer/ HTTP/1.1" 200 18226
[19/Oct/2022 01:54:05] "GET /static/admin/css/changelists.css HTTP/1.1" 200 6395
[19/Oct/2022 01:54:05] "GET /static/admin/js/admin/RelatedObjectLookups.js HTTP/1.1" 200 8985
[19/Oct/2022 01:54:05] "GET /static/admin/js/jquery.init.js HTTP/1.1" 200 347
[19/Oct/2022 01:54:05] "GET /static/admin/js/actions.js HTTP/1.1" 200 7872
[19/Oct/2022 01:54:05] "GET /admin/jsi18n/ HTTP/1.1" 200 8911
[19/Oct/2022 01:54:05] "GET /static/admin/js/vendor/jquery/jquery.js HTTP/1.1" 200 288580
[19/Oct/2022 01:54:05] "GET /static/admin/js/core.js HTTP/1.1" 200 5698
[19/Oct/2022 01:54:05] "GET /static/admin/js/urlify.js HTTP/1.1" 200 7902
[19/Oct/2022 01:54:05] "GET /static/admin/js/prepopulate.js HTTP/1.1" 200 1531
[19/Oct/2022 01:54:05] "GET /static/admin/js/vendor/xregexp/xregexp.js HTTP/1.1" 200 232381
[19/Oct/2022 01:54:05] "GET /static/admin/js/filters.js HTTP/1.1" 200 966
[19/Oct/2022 01:54:05] "GET /static/admin/img/tooltag-add.svg HTTP/1.1" 200 331
[19/Oct/2022 01:54:07] "GET /admin/app/market/ HTTP/1.1" 200 20469
[19/Oct/2022 01:54:07] "GET /admin/jsi18n/ HTTP/1.1" 200 8911
[19/Oct/2022 01:54:08] "GET /admin/app/post/ HTTP/1.1" 200 17304
[19/Oct/2022 01:54:08] "GET /admin/jsi18n/ HTTP/1.1" 200 8911
[19/Oct/2022 02:29:52] "GET /admin/app/customer/ HTTP/1.1" 200 18226
[19/Oct/2022 02:29:52] "GET /admin/jsi18n/ HTTP/1.1" 200 8911
[19/Oct/2022 02:29:56] "GET /admin/app/market/ HTTP/1.1" 200 20469
[19/Oct/2022 02:29:56] "GET /admin/jsi18n/ HTTP/1.1" 200 8911
[19/Oct/2022 02:29:59] "GET /admin/ HTTP/1.1" 200 6366
[19/Oct/2022 02:30:18] "GET /admin/app/market/ HTTP/1.1" 200 20469
[19/Oct/2022 02:30:18] "GET /static/admin/js/admin/RelatedObjectLookups.js HTTP/1.1" 200 8985
[19/Oct/2022 02:30:18] "GET /static/admin/js/core.js HTTP/1.1" 200 5698
[19/Oct/2022 02:30:18] "GET /static/admin/js/jquery.init.js HTTP/1.1" 200 347
[19/Oct/2022 02:30:18] "GET /static/admin/js/actions.js HTTP/1.1" 200 7872
[19/Oct/2022 02:30:18] "GET /static/admin/js/vendor/jquery/jquery.js HTTP/1.1" 200 288580
[19/Oct/2022 02:30:18] "GET /static/admin/js/urlify.js HTTP/1.1" 200 7902
[19/Oct/2022 02:30:18] "GET /static/admin/js/prepopulate.js HTTP/1.1" 200 1531
[19/Oct/2022 02:30:18] "GET /admin/jsi18n/ HTTP/1.1" 200 8911
[19/Oct/2022 02:30:18] "GET /static/admin/js/vendor/xregexp/xregexp.js HTTP/1.1" 200 232381
[19/Oct/2022 02:30:18] "GET /static/admin/js/filters.js HTTP/1.1" 200 966
[19/Oct/2022 02:30:18] "GET /static/admin/img/tooltag-add.svg HTTP/1.1" 200 331
[19/Oct/2022 05:18:50] code 400, message Bad request version ('À\x14À')
[19/Oct/2022 05:18:50] You're accessing the development server over HTTPS, but it only supports HTTP.
[19/Oct/2022 05:18:50] code 400, message Bad request version ('À\x14À')
[19/Oct/2022 05:18:50] You're accessing the development server over HTTPS, but it only supports HTTP.
[19/Oct/2022 05:18:51] code 400, message Bad request version ('À\x14À')
[19/Oct/2022 05:18:51] You're accessing the development server over HTTPS, but it only supports HTTP.
[19/Oct/2022 08:55:48] "GET /admin/login/?next=/admin/ HTTP/1.1" 200 2238
Not Found: /favicon.ico
[19/Oct/2022 08:55:48] "GET /favicon.ico HTTP/1.1" 404 3500
[19/Oct/2022 08:56:02,641] - Broken pipe from ('115.23.186.161', 53253)
Not Found: /
[19/Oct/2022 09:16:08] "GET / HTTP/1.1" 404 3408
Not Found: /
[19/Oct/2022 11:03:04] "GET / HTTP/1.1" 404 3449
Not Found: /favicon.ico
[19/Oct/2022 11:03:04] "GET /favicon.ico HTTP/1.1" 404 3500
[19/Oct/2022 11:03:28] "GET /admin/ HTTP/1.1" 302 0
[19/Oct/2022 11:03:28] "GET /admin/login/?next=/admin/ HTTP/1.1" 200 2238
[19/Oct/2022 11:03:44] "POST /admin/login/?next=/admin/ HTTP/1.1" 302 0
[19/Oct/2022 11:03:44] "GET /admin/ HTTP/1.1" 200 6366
[19/Oct/2022 11:03:46] "GET /admin/app/customer/ HTTP/1.1" 200 18226
[19/Oct/2022 11:03:46] "GET /admin/jsi18n/ HTTP/1.1" 200 8911
[19/Oct/2022 11:03:50] "GET /admin/app/customer/fb7ef791-6185-40a5-b97d-bf4e6d4b4d89/change/ HTTP/1.1" 200 10988
[19/Oct/2022 11:03:50] "GET /static/admin/js/prepopulate_init.js HTTP/1.1" 200 586
[19/Oct/2022 11:03:50] "GET /static/admin/css/forms.css HTTP/1.1" 200 8944
[19/Oct/2022 11:03:50] "GET /static/admin/css/widgets.css HTTP/1.1" 200 11297
[19/Oct/2022 11:03:50] "GET /admin/jsi18n/ HTTP/1.1" 200 8911
[19/Oct/2022 11:03:50] "GET /static/admin/js/change_form.js HTTP/1.1" 200 606
[19/Oct/2022 11:03:52] "GET /admin/app/customer/ HTTP/1.1" 200 18226
Not Found: /get/userinfo/http://ec2-13-124-42-211.ap-northeast-2.compute.amazonaws.com:8000/
[19/Oct/2022 11:04:18] "GET /get/userinfo/http://ec2-13-124-42-211.ap-northeast-2.compute.amazonaws.com:8000/ HTTP/1.1" 404 3707
[19/Oct/2022 11:04:33] "GET /get/userinfo/fb7ef791-6185-40a5-b97d-bf4e6d4b4d89 HTTP/1.1" 200 204
[19/Oct/2022 11:54:37] code 400, message Bad request version ('\x13\x01\x13\x02\x13\x03À+À,Ì©À/À0Ì¨À\x13À\x14\x00\x9c\x00\x9d\x00/\x005\x01\x00\x01\x95\x00\x00\x00;\x009\x00\x006ec2-13-124-42-211.ap-northeast-2.compute.amazonaws.com\x00\x17\x00\x00ÿ\x01\x00\x01\x00\x00')
[19/Oct/2022 11:54:37] You're accessing the development server over HTTPS, but it only supports HTTP.
[19/Oct/2022 11:56:34] code 400, message Bad request version ('\x13\x01\x13\x02\x13\x03À+À,Ì©À/À0Ì¨À\x13À\x14\x00\x9c\x00\x9d\x00/\x005\x01\x00\x01\x95\x00\x00\x00;\x009\x00\x006ec2-13-124-42-211.ap-northeast-2.compute.amazonaws.com\x00\x17\x00\x00ÿ\x01\x00\x01\x00\x00')
[19/Oct/2022 11:56:34] You're accessing the development server over HTTPS, but it only supports HTTP.
[19/Oct/2022 11:57:56] code 400, message Bad request version ('\x13\x01\x13\x02\x13\x03À+À,Ì©À/À0Ì¨À\x13À\x14\x00\x9c\x00\x9d\x00/\x005\x01\x00\x01\x95\x00\x00\x00;\x009\x00\x006ec2-13-124-42-211.ap-northeast-2.compute.amazonaws.com\x00\x17\x00\x00ÿ\x01\x00\x01\x00\x00')
[19/Oct/2022 11:57:56] You're accessing the development server over HTTPS, but it only supports HTTP.
Not Found: /get/userinfo/
[19/Oct/2022 12:08:12] "GET /get/userinfo/?uuid=fb7ef791-6185-40a5-b97d-bf4e6d4b4d89 HTTP/1.1" 404 3548
Not Found: /get/userinfo/
[19/Oct/2022 12:08:15] "GET /get/userinfo/?uuid=fb7ef791-6185-40a5-b97d-bf4e6d4b4d89 HTTP/1.1" 404 3548
Not Found: /get/userinfo/
[19/Oct/2022 12:08:16] "GET /get/userinfo/?uuid=fb7ef791-6185-40a5-b97d-bf4e6d4b4d89 HTTP/1.1" 404 3548
Not Found: /get/userinfo/
[19/Oct/2022 12:08:40] "GET /get/userinfo/?uuid=fb7ef791-6185-40a5-b97d-bf4e6d4b4d89 HTTP/1.1" 404 3548
Not Found: /get/userinfo/
[19/Oct/2022 12:11:25] "GET /get/userinfo/?uuid=fb7ef791-6185-40a5-b97d-bf4e6d4b4d89 HTTP/1.1" 404 3548
[19/Oct/2022 12:13:46] "GET /get/userinfo/fb7ef791-6185-40a5-b97d-bf4e6d4b4d89 HTTP/1.1" 200 204
[19/Oct/2022 12:16:12] code 400, message Bad request version ('OÑËÜ®Ëd')
[19/Oct/2022 12:16:12] "   TZ         .    I¨À )z» zÚf Ò~Uñi»©                ÃÐ¢|¦v½óOÑËÜ®Ëd" 400 -
Not Found: /
[19/Oct/2022 14:10:02] "GET / HTTP/1.1" 404 3408
[19/Oct/2022 15:22:16] "GET /admin/ HTTP/1.1" 200 6366
[19/Oct/2022 15:22:18] "GET /static/admin/css/base.css HTTP/1.1" 304 0
[19/Oct/2022 15:22:18] "GET /static/admin/css/dark_mode.css HTTP/1.1" 304 0
[19/Oct/2022 15:22:18] "GET /static/admin/css/nav_sidebar.css HTTP/1.1" 304 0
[19/Oct/2022 15:22:18] "GET /static/admin/css/dashboard.css HTTP/1.1" 304 0
[19/Oct/2022 15:22:18] "GET /static/admin/css/responsive.css HTTP/1.1" 304 0
[19/Oct/2022 15:22:19] "GET /static/admin/css/fonts.css HTTP/1.1" 304 0
[19/Oct/2022 15:22:19] "GET /static/admin/js/nav_sidebar.js HTTP/1.1" 304 0
[19/Oct/2022 15:22:19] "GET /static/admin/fonts/Roboto-Bold-webfont.woff HTTP/1.1" 304 0
[19/Oct/2022 15:22:19] "GET /static/admin/fonts/Roboto-Regular-webfont.woff HTTP/1.1" 304 0
[19/Oct/2022 15:22:19] "GET /static/admin/fonts/Roboto-Light-webfont.woff HTTP/1.1" 304 0
[19/Oct/2022 15:22:19] "GET /static/admin/img/icon-addlink.svg HTTP/1.1" 304 0
[19/Oct/2022 15:22:19] "GET /static/admin/img/icon-changelink.svg HTTP/1.1" 304 0
[19/Oct/2022 15:23:00] "GET /admin/app/customer/ HTTP/1.1" 200 18226
[19/Oct/2022 15:23:01] "GET /admin/jsi18n/ HTTP/1.1" 200 8911
[19/Oct/2022 15:23:02] "GET /static/admin/css/changelists.css HTTP/1.1" 304 0
[19/Oct/2022 15:23:02] "GET /static/admin/js/jquery.init.js HTTP/1.1" 304 0
[19/Oct/2022 15:23:02] "GET /static/admin/js/core.js HTTP/1.1" 304 0
[19/Oct/2022 15:23:02] "GET /static/admin/js/admin/RelatedObjectLookups.js HTTP/1.1" 304 0
[19/Oct/2022 15:23:02] "GET /static/admin/js/actions.js HTTP/1.1" 304 0
[19/Oct/2022 15:23:02] "GET /static/admin/js/urlify.js HTTP/1.1" 304 0
[19/Oct/2022 15:23:02] "GET /static/admin/js/prepopulate.js HTTP/1.1" 304 0
[19/Oct/2022 15:23:08] "GET /static/admin/js/vendor/xregexp/xregexp.js HTTP/1.1" 200 232381
[19/Oct/2022 15:23:21] "GET /admin/ HTTP/1.1" 200 6366
[19/Oct/2022 15:24:21] "GET /admin/app/customer/ HTTP/1.1" 200 18226
[19/Oct/2022 15:24:22] "GET /admin/jsi18n/ HTTP/1.1" 200 8911
[19/Oct/2022 15:24:24] "GET /static/admin/js/vendor/jquery/jquery.js HTTP/1.1" 200 288580
[19/Oct/2022 15:24:25] "GET /static/admin/js/vendor/xregexp/xregexp.js HTTP/1.1" 200 232381
[19/Oct/2022 15:24:26] "GET /static/admin/js/filters.js HTTP/1.1" 304 0
[19/Oct/2022 15:24:27] "GET /static/admin/img/tooltag-add.svg HTTP/1.1" 304 0
[19/Oct/2022 15:24:29] "GET /admin/app/customer/fb7ef791-6185-40a5-b97d-bf4e6d4b4d89/change/ HTTP/1.1" 200 10988
[19/Oct/2022 15:24:30] "GET /static/admin/css/forms.css HTTP/1.1" 304 0
[19/Oct/2022 15:24:30] "GET /static/admin/js/prepopulate_init.js HTTP/1.1" 304 0
[19/Oct/2022 15:24:30] "GET /admin/jsi18n/ HTTP/1.1" 200 8911
[19/Oct/2022 15:24:31] "GET /static/admin/js/change_form.js HTTP/1.1" 304 0
[19/Oct/2022 15:24:31] "GET /static/admin/css/widgets.css HTTP/1.1" 304 0
[19/Oct/2022 15:24:33] "GET /admin/app/customer/ HTTP/1.1" 200 18226
[19/Oct/2022 15:24:36] "GET /admin/app/customer/fb7ef791-6185-40a5-b97d-bf4e6d4b4d89/change/ HTTP/1.1" 200 10988
[19/Oct/2022 15:24:41] "GET /admin/app/customer/ HTTP/1.1" 200 18226
[19/Oct/2022 16:01:58] code 400, message Bad HTTP/0.9 request type ('\x16\x03\x01\x00{\x01\x00\x00w\x03\x03â¶«\x11\x13áLúX"¡')
[19/Oct/2022 16:01:58] You're accessing the development server over HTTPS, but it only supports HTTP.
[19/Oct/2022 16:01:58] code 400, message Bad request version ('À\x14À')
[19/Oct/2022 16:01:58] You're accessing the development server over HTTPS, but it only supports HTTP.
[19/Oct/2022 16:01:59] code 400, message Bad HTTP/0.9 request type ('\x16\x03\x01\x00{\x01\x00\x00w\x03\x03qé')
[19/Oct/2022 16:01:59] You're accessing the development server over HTTPS, but it only supports HTTP.
[19/Oct/2022 17:00:12] "GET /admin/app/market/ HTTP/1.1" 200 20469
[19/Oct/2022 17:00:12] "GET /static/admin/css/dark_mode.css HTTP/1.1" 304 0
[19/Oct/2022 17:00:12] "GET /static/admin/css/base.css HTTP/1.1" 304 0
[19/Oct/2022 17:00:12] "GET /static/admin/css/nav_sidebar.css HTTP/1.1" 304 0
[19/Oct/2022 17:00:12] "GET /static/admin/css/changelists.css HTTP/1.1" 304 0
[19/Oct/2022 17:00:12] "GET /static/admin/css/responsive.css HTTP/1.1" 304 0
[19/Oct/2022 17:00:12] "GET /admin/jsi18n/ HTTP/1.1" 200 8911
[19/Oct/2022 17:00:12] "GET /static/admin/js/core.js HTTP/1.1" 304 0
[19/Oct/2022 17:00:12] "GET /static/admin/js/jquery.init.js HTTP/1.1" 304 0
[19/Oct/2022 17:00:12] "GET /static/admin/js/admin/RelatedObjectLookups.js HTTP/1.1" 304 0
[19/Oct/2022 17:00:12] "GET /static/admin/js/vendor/jquery/jquery.js HTTP/1.1" 304 0
[19/Oct/2022 17:00:12] "GET /static/admin/css/fonts.css HTTP/1.1" 304 0
[19/Oct/2022 17:00:12] "GET /static/admin/js/actions.js HTTP/1.1" 304 0
[19/Oct/2022 17:00:12] "GET /static/admin/js/urlify.js HTTP/1.1" 304 0
[19/Oct/2022 17:00:12] "GET /static/admin/js/prepopulate.js HTTP/1.1" 304 0
[19/Oct/2022 17:00:12] "GET /static/admin/js/vendor/xregexp/xregexp.js HTTP/1.1" 304 0
[19/Oct/2022 17:00:12] "GET /static/admin/js/nav_sidebar.js HTTP/1.1" 304 0
[19/Oct/2022 17:00:12] "GET /static/admin/js/filters.js HTTP/1.1" 304 0
[19/Oct/2022 17:00:12] "GET /static/admin/img/tooltag-add.svg HTTP/1.1" 304 0
[19/Oct/2022 17:00:12] "GET /static/admin/img/icon-addlink.svg HTTP/1.1" 304 0
[19/Oct/2022 17:00:12] "GET /static/admin/fonts/Roboto-Regular-webfont.woff HTTP/1.1" 304 0
[19/Oct/2022 17:00:12] "GET /static/admin/fonts/Roboto-Light-webfont.woff HTTP/1.1" 304 0
[19/Oct/2022 17:00:12] "GET /static/admin/fonts/Roboto-Bold-webfont.woff HTTP/1.1" 304 0
Not Found: /favicon.ico
[19/Oct/2022 17:00:12] "GET /favicon.ico HTTP/1.1" 404 3500
Not Found: /
[19/Oct/2022 17:23:24] "GET / HTTP/1.1" 404 3408
/home/ubuntu/FoodTestingBack/app/models.py changed, reloading.
base_dir:  /home/ubuntu/FoodTestingBack
Watching for file changes with StatReloader
Exception in thread django-main-thread:
Traceback (most recent call last):
  File "/usr/lib/python3.10/threading.py", line 1016, in _bootstrap_inner
    self.run()
  File "/usr/lib/python3.10/threading.py", line 953, in run
    self._target(*self._args, **self._kwargs)
  File "/usr/local/lib/python3.10/dist-packages/django/utils/autoreload.py", line 64, in wrapper
    fn(*args, **kwargs)
  File "/usr/local/lib/python3.10/dist-packages/django/core/management/commands/runserver.py", line 125, in inner_run
    autoreload.raise_last_exception()
  File "/usr/local/lib/python3.10/dist-packages/django/utils/autoreload.py", line 87, in raise_last_exception
    raise _exception[1]
  File "/usr/local/lib/python3.10/dist-packages/django/core/management/__init__.py", line 398, in execute
    autoreload.check_errors(django.setup)()
  File "/usr/local/lib/python3.10/dist-packages/django/utils/autoreload.py", line 64, in wrapper
    fn(*args, **kwargs)
  File "/usr/local/lib/python3.10/dist-packages/django/__init__.py", line 24, in setup
    apps.populate(settings.INSTALLED_APPS)
  File "/usr/local/lib/python3.10/dist-packages/django/apps/registry.py", line 124, in populate
    app_config.ready()
  File "/usr/local/lib/python3.10/dist-packages/django/contrib/admin/apps.py", line 27, in ready
    self.module.autodiscover()
  File "/usr/local/lib/python3.10/dist-packages/django/contrib/admin/__init__.py", line 50, in autodiscover
    autodiscover_modules("admin", register_to=site)
  File "/usr/local/lib/python3.10/dist-packages/django/utils/module_loading.py", line 58, in autodiscover_modules
    import_module("%s.%s" % (app_config.name, module_to_search))
  File "/usr/lib/python3.10/importlib/__init__.py", line 126, in import_module
    return _bootstrap._gcd_import(name[level:], package, level)
  File "<frozen importlib._bootstrap>", line 1050, in _gcd_import
  File "<frozen importlib._bootstrap>", line 1027, in _find_and_load
  File "<frozen importlib._bootstrap>", line 1006, in _find_and_load_unlocked
  File "<frozen importlib._bootstrap>", line 688, in _load_unlocked
  File "<frozen importlib._bootstrap_external>", line 883, in exec_module
  File "<frozen importlib._bootstrap>", line 241, in _call_with_frames_removed
  File "/home/ubuntu/FoodTestingBack/app/admin.py", line 7, in <module>
    from .models import Quesbymarket
ImportError: cannot import name 'Quesbymarket' from 'app.models' (/home/ubuntu/FoodTestingBack/app/models.py)
base_dir:  /home/ubuntu/FoodTestingBack
CommandError: "http://ec2-13-124-42-211.ap-northeast-2.compute.amazonaws.com:8000" is not a valid port number or address:port pair.
/home/ubuntu/FoodTestingBack/app/models.py changed, reloading.
base_dir:  /home/ubuntu/FoodTestingBack
Watching for file changes with StatReloader
Performing system checks...

System check identified no issues (0 silenced).
October 19, 2022 - 19:32:24
Django version 4.1.2, using settings 'foodTestingProject.settings'
Starting development server at http://ec2-13-124-42-211.ap-northeast-2.compute.amazonaws.com:8000/
Quit the server with CONTROL-C.
[19/Oct/2022 19:32:36] "GET /admin/ HTTP/1.1" 200 6366
[19/Oct/2022 19:32:36] "GET /static/admin/fonts/Roboto-Light-webfont.woff HTTP/1.1" 200 85692
[19/Oct/2022 19:32:36] "GET /static/admin/fonts/Roboto-Bold-webfont.woff HTTP/1.1" 200 86184
[19/Oct/2022 19:32:36] "GET /static/admin/fonts/Roboto-Regular-webfont.woff HTTP/1.1" 200 85876
Internal Server Error: /admin/app/quesbymarket/
Traceback (most recent call last):
  File "/usr/local/lib/python3.10/dist-packages/django/db/backends/utils.py", line 89, in _execute
    return self.cursor.execute(sql, params)
  File "/usr/local/lib/python3.10/dist-packages/django/db/backends/mysql/base.py", line 75, in execute
    return self.cursor.execute(query, args)
  File "/home/ubuntu/.local/lib/python3.10/site-packages/pymysql/cursors.py", line 148, in execute
    result = self._query(query)
  File "/home/ubuntu/.local/lib/python3.10/site-packages/pymysql/cursors.py", line 310, in _query
    conn.query(q)
  File "/home/ubuntu/.local/lib/python3.10/site-packages/pymysql/connections.py", line 548, in query
    self._affected_rows = self._read_query_result(unbuffered=unbuffered)
  File "/home/ubuntu/.local/lib/python3.10/site-packages/pymysql/connections.py", line 775, in _read_query_result
    result.read()
  File "/home/ubuntu/.local/lib/python3.10/site-packages/pymysql/connections.py", line 1156, in read
    first_packet = self.connection._read_packet()
  File "/home/ubuntu/.local/lib/python3.10/site-packages/pymysql/connections.py", line 725, in _read_packet
    packet.raise_for_error()
  File "/home/ubuntu/.local/lib/python3.10/site-packages/pymysql/protocol.py", line 221, in raise_for_error
    err.raise_mysql_exception(self._data)
  File "/home/ubuntu/.local/lib/python3.10/site-packages/pymysql/err.py", line 143, in raise_mysql_exception
    raise errorclass(errno, errval)
pymysql.err.ProgrammingError: (1146, "Table 'foodTestingBack.questionbymarket' doesn't exist")

The above exception was the direct cause of the following exception:

Traceback (most recent call last):
  File "/usr/local/lib/python3.10/dist-packages/django/core/handlers/exception.py", line 55, in inner
    response = get_response(request)
  File "/usr/local/lib/python3.10/dist-packages/django/core/handlers/base.py", line 197, in _get_response
    response = wrapped_callback(request, *callback_args, **callback_kwargs)
  File "/usr/local/lib/python3.10/dist-packages/django/contrib/admin/options.py", line 686, in wrapper
    return self.admin_site.admin_view(view)(*args, **kwargs)
  File "/usr/local/lib/python3.10/dist-packages/django/utils/decorators.py", line 133, in _wrapped_view
    response = view_func(request, *args, **kwargs)
  File "/usr/local/lib/python3.10/dist-packages/django/views/decorators/cache.py", line 62, in _wrapped_view_func
    response = view_func(request, *args, **kwargs)
  File "/usr/local/lib/python3.10/dist-packages/django/contrib/admin/sites.py", line 242, in inner
    return view(request, *args, **kwargs)
  File "/usr/local/lib/python3.10/dist-packages/django/utils/decorators.py", line 46, in _wrapper
    return bound_method(*args, **kwargs)
  File "/usr/local/lib/python3.10/dist-packages/django/utils/decorators.py", line 133, in _wrapped_view
    response = view_func(request, *args, **kwargs)
  File "/usr/local/lib/python3.10/dist-packages/django/contrib/admin/options.py", line 1931, in changelist_view
    cl = self.get_changelist_instance(request)
  File "/usr/local/lib/python3.10/dist-packages/django/contrib/admin/options.py", line 834, in get_changelist_instance
    return ChangeList(
  File "/usr/local/lib/python3.10/dist-packages/django/contrib/admin/views/main.py", line 123, in __init__
    self.get_results(request)
  File "/usr/local/lib/python3.10/dist-packages/django/contrib/admin/views/main.py", line 279, in get_results
    result_count = paginator.count
  File "/usr/local/lib/python3.10/dist-packages/django/utils/functional.py", line 57, in __get__
    res = instance.__dict__[self.name] = self.func(instance)
  File "/usr/local/lib/python3.10/dist-packages/django/core/paginator.py", line 96, in count
    return c()
  File "/usr/local/lib/python3.10/dist-packages/django/db/models/query.py", line 621, in count
    return self.query.get_count(using=self.db)
  File "/usr/local/lib/python3.10/dist-packages/django/db/models/sql/query.py", line 559, in get_count
    return obj.get_aggregation(using, ["__count"])["__count"]
  File "/usr/local/lib/python3.10/dist-packages/django/db/models/sql/query.py", line 544, in get_aggregation
    result = compiler.execute_sql(SINGLE)
  File "/usr/local/lib/python3.10/dist-packages/django/db/models/sql/compiler.py", line 1398, in execute_sql
    cursor.execute(sql, params)
  File "/usr/local/lib/python3.10/dist-packages/django/db/backends/utils.py", line 103, in execute
    return super().execute(sql, params)
  File "/usr/local/lib/python3.10/dist-packages/django/db/backends/utils.py", line 67, in execute
    return self._execute_with_wrappers(
  File "/usr/local/lib/python3.10/dist-packages/django/db/backends/utils.py", line 80, in _execute_with_wrappers
    return executor(sql, params, many, context)
  File "/usr/local/lib/python3.10/dist-packages/django/db/backends/utils.py", line 84, in _execute
    with self.db.wrap_database_errors:
  File "/usr/local/lib/python3.10/dist-packages/django/db/utils.py", line 91, in __exit__
    raise dj_exc_value.with_traceback(traceback) from exc_value
  File "/usr/local/lib/python3.10/dist-packages/django/db/backends/utils.py", line 89, in _execute
    return self.cursor.execute(sql, params)
  File "/usr/local/lib/python3.10/dist-packages/django/db/backends/mysql/base.py", line 75, in execute
    return self.cursor.execute(query, args)
  File "/home/ubuntu/.local/lib/python3.10/site-packages/pymysql/cursors.py", line 148, in execute
    result = self._query(query)
  File "/home/ubuntu/.local/lib/python3.10/site-packages/pymysql/cursors.py", line 310, in _query
    conn.query(q)
  File "/home/ubuntu/.local/lib/python3.10/site-packages/pymysql/connections.py", line 548, in query
    self._affected_rows = self._read_query_result(unbuffered=unbuffered)
  File "/home/ubuntu/.local/lib/python3.10/site-packages/pymysql/connections.py", line 775, in _read_query_result
    result.read()
  File "/home/ubuntu/.local/lib/python3.10/site-packages/pymysql/connections.py", line 1156, in read
    first_packet = self.connection._read_packet()
  File "/home/ubuntu/.local/lib/python3.10/site-packages/pymysql/connections.py", line 725, in _read_packet
    packet.raise_for_error()
  File "/home/ubuntu/.local/lib/python3.10/site-packages/pymysql/protocol.py", line 221, in raise_for_error
    err.raise_mysql_exception(self._data)
  File "/home/ubuntu/.local/lib/python3.10/site-packages/pymysql/err.py", line 143, in raise_mysql_exception
    raise errorclass(errno, errval)
django.db.utils.ProgrammingError: (1146, "Table 'foodTestingBack.questionbymarket' doesn't exist")
[19/Oct/2022 19:32:40] "GET /admin/app/quesbymarket/ HTTP/1.1" 500 234740
[19/Oct/2022 19:32:43] "GET /admin/ HTTP/1.1" 200 6366
[19/Oct/2022 19:32:44] "GET /admin/app/questionlist/ HTTP/1.1" 200 12229
[19/Oct/2022 19:32:44] "GET /admin/jsi18n/ HTTP/1.1" 200 8911
[19/Oct/2022 19:32:44] "GET /static/admin/js/vendor/xregexp/xregexp.js HTTP/1.1" 200 232381
[19/Oct/2022 19:32:44] "GET /static/admin/js/vendor/jquery/jquery.js HTTP/1.1" 200 288580
[19/Oct/2022 19:32:47] "GET /admin/app/review/ HTTP/1.1" 200 9464
[19/Oct/2022 19:32:47] "GET /admin/jsi18n/ HTTP/1.1" 200 8911
[19/Oct/2022 19:32:48] "GET /admin/app/post/ HTTP/1.1" 200 17304
[19/Oct/2022 19:32:48] "GET /admin/jsi18n/ HTTP/1.1" 200 8911
[19/Oct/2022 19:32:49] "GET /admin/app/market/ HTTP/1.1" 200 20469
[19/Oct/2022 19:32:49] "GET /admin/jsi18n/ HTTP/1.1" 200 8911
[19/Oct/2022 19:32:50] "GET /admin/app/customer/ HTTP/1.1" 200 18226
[19/Oct/2022 19:32:50] "GET /admin/jsi18n/ HTTP/1.1" 200 8911
[19/Oct/2022 19:32:52] "GET /admin/app/customer/fb7ef791-6185-40a5-b97d-bf4e6d4b4d89/change/ HTTP/1.1" 200 11973
[19/Oct/2022 19:32:52] "GET /admin/jsi18n/ HTTP/1.1" 200 8911
Internal Server Error: /admin/app/quesbymarket/
Traceback (most recent call last):
  File "/usr/local/lib/python3.10/dist-packages/django/db/backends/utils.py", line 89, in _execute
    return self.cursor.execute(sql, params)
  File "/usr/local/lib/python3.10/dist-packages/django/db/backends/mysql/base.py", line 75, in execute
    return self.cursor.execute(query, args)
  File "/home/ubuntu/.local/lib/python3.10/site-packages/pymysql/cursors.py", line 148, in execute
    result = self._query(query)
  File "/home/ubuntu/.local/lib/python3.10/site-packages/pymysql/cursors.py", line 310, in _query
    conn.query(q)
  File "/home/ubuntu/.local/lib/python3.10/site-packages/pymysql/connections.py", line 548, in query
    self._affected_rows = self._read_query_result(unbuffered=unbuffered)
  File "/home/ubuntu/.local/lib/python3.10/site-packages/pymysql/connections.py", line 775, in _read_query_result
    result.read()
  File "/home/ubuntu/.local/lib/python3.10/site-packages/pymysql/connections.py", line 1156, in read
    first_packet = self.connection._read_packet()
  File "/home/ubuntu/.local/lib/python3.10/site-packages/pymysql/connections.py", line 725, in _read_packet
    packet.raise_for_error()
  File "/home/ubuntu/.local/lib/python3.10/site-packages/pymysql/protocol.py", line 221, in raise_for_error
    err.raise_mysql_exception(self._data)
  File "/home/ubuntu/.local/lib/python3.10/site-packages/pymysql/err.py", line 143, in raise_mysql_exception
    raise errorclass(errno, errval)
pymysql.err.ProgrammingError: (1146, "Table 'foodTestingBack.questionbymarket' doesn't exist")

The above exception was the direct cause of the following exception:

Traceback (most recent call last):
  File "/usr/local/lib/python3.10/dist-packages/django/core/handlers/exception.py", line 55, in inner
    response = get_response(request)
  File "/usr/local/lib/python3.10/dist-packages/django/core/handlers/base.py", line 197, in _get_response
    response = wrapped_callback(request, *callback_args, **callback_kwargs)
  File "/usr/local/lib/python3.10/dist-packages/django/contrib/admin/options.py", line 686, in wrapper
    return self.admin_site.admin_view(view)(*args, **kwargs)
  File "/usr/local/lib/python3.10/dist-packages/django/utils/decorators.py", line 133, in _wrapped_view
    response = view_func(request, *args, **kwargs)
  File "/usr/local/lib/python3.10/dist-packages/django/views/decorators/cache.py", line 62, in _wrapped_view_func
    response = view_func(request, *args, **kwargs)
  File "/usr/local/lib/python3.10/dist-packages/django/contrib/admin/sites.py", line 242, in inner
    return view(request, *args, **kwargs)
  File "/usr/local/lib/python3.10/dist-packages/django/utils/decorators.py", line 46, in _wrapper
    return bound_method(*args, **kwargs)
  File "/usr/local/lib/python3.10/dist-packages/django/utils/decorators.py", line 133, in _wrapped_view
    response = view_func(request, *args, **kwargs)
  File "/usr/local/lib/python3.10/dist-packages/django/contrib/admin/options.py", line 1931, in changelist_view
    cl = self.get_changelist_instance(request)
  File "/usr/local/lib/python3.10/dist-packages/django/contrib/admin/options.py", line 834, in get_changelist_instance
    return ChangeList(
  File "/usr/local/lib/python3.10/dist-packages/django/contrib/admin/views/main.py", line 123, in __init__
    self.get_results(request)
  File "/usr/local/lib/python3.10/dist-packages/django/contrib/admin/views/main.py", line 279, in get_results
    result_count = paginator.count
  File "/usr/local/lib/python3.10/dist-packages/django/utils/functional.py", line 57, in __get__
    res = instance.__dict__[self.name] = self.func(instance)
  File "/usr/local/lib/python3.10/dist-packages/django/core/paginator.py", line 96, in count
    return c()
  File "/usr/local/lib/python3.10/dist-packages/django/db/models/query.py", line 621, in count
    return self.query.get_count(using=self.db)
  File "/usr/local/lib/python3.10/dist-packages/django/db/models/sql/query.py", line 559, in get_count
    return obj.get_aggregation(using, ["__count"])["__count"]
  File "/usr/local/lib/python3.10/dist-packages/django/db/models/sql/query.py", line 544, in get_aggregation
    result = compiler.execute_sql(SINGLE)
  File "/usr/local/lib/python3.10/dist-packages/django/db/models/sql/compiler.py", line 1398, in execute_sql
    cursor.execute(sql, params)
  File "/usr/local/lib/python3.10/dist-packages/django/db/backends/utils.py", line 103, in execute
    return super().execute(sql, params)
  File "/usr/local/lib/python3.10/dist-packages/django/db/backends/utils.py", line 67, in execute
    return self._execute_with_wrappers(
  File "/usr/local/lib/python3.10/dist-packages/django/db/backends/utils.py", line 80, in _execute_with_wrappers
    return executor(sql, params, many, context)
  File "/usr/local/lib/python3.10/dist-packages/django/db/backends/utils.py", line 84, in _execute
    with self.db.wrap_database_errors:
  File "/usr/local/lib/python3.10/dist-packages/django/db/utils.py", line 91, in __exit__
    raise dj_exc_value.with_traceback(traceback) from exc_value
  File "/usr/local/lib/python3.10/dist-packages/django/db/backends/utils.py", line 89, in _execute
    return self.cursor.execute(sql, params)
  File "/usr/local/lib/python3.10/dist-packages/django/db/backends/mysql/base.py", line 75, in execute
    return self.cursor.execute(query, args)
  File "/home/ubuntu/.local/lib/python3.10/site-packages/pymysql/cursors.py", line 148, in execute
    result = self._query(query)
  File "/home/ubuntu/.local/lib/python3.10/site-packages/pymysql/cursors.py", line 310, in _query
    conn.query(q)
  File "/home/ubuntu/.local/lib/python3.10/site-packages/pymysql/connections.py", line 548, in query
    self._affected_rows = self._read_query_result(unbuffered=unbuffered)
  File "/home/ubuntu/.local/lib/python3.10/site-packages/pymysql/connections.py", line 775, in _read_query_result
    result.read()
  File "/home/ubuntu/.local/lib/python3.10/site-packages/pymysql/connections.py", line 1156, in read
    first_packet = self.connection._read_packet()
  File "/home/ubuntu/.local/lib/python3.10/site-packages/pymysql/connections.py", line 725, in _read_packet
    packet.raise_for_error()
  File "/home/ubuntu/.local/lib/python3.10/site-packages/pymysql/protocol.py", line 221, in raise_for_error
    err.raise_mysql_exception(self._data)
  File "/home/ubuntu/.local/lib/python3.10/site-packages/pymysql/err.py", line 143, in raise_mysql_exception
    raise errorclass(errno, errval)
django.db.utils.ProgrammingError: (1146, "Table 'foodTestingBack.questionbymarket' doesn't exist")
[19/Oct/2022 19:32:54] "GET /admin/app/quesbymarket/ HTTP/1.1" 500 234797
/home/ubuntu/FoodTestingBack/app/models.py changed, reloading.
base_dir:  /home/ubuntu/FoodTestingBack
Watching for file changes with StatReloader
Performing system checks...

System check identified no issues (0 silenced).
October 19, 2022 - 19:35:23
Django version 4.1.2, using settings 'foodTestingProject.settings'
Starting development server at http://ec2-13-124-42-211.ap-northeast-2.compute.amazonaws.com:8000/
Quit the server with CONTROL-C.
[19/Oct/2022 19:35:25] "GET /admin/app/quesbymarket/ HTTP/1.1" 200 6901
[19/Oct/2022 19:35:25] "GET /admin/jsi18n/ HTTP/1.1" 200 8911
[19/Oct/2022 19:35:28] "GET /admin/app/post/ HTTP/1.1" 200 17304
[19/Oct/2022 19:35:28] "GET /admin/jsi18n/ HTTP/1.1" 200 8911
[19/Oct/2022 19:35:54] "GET /admin/app/post/f62d502b-3843-4eba-96b7-a3a6bb2a707b/change/ HTTP/1.1" 200 24799
[19/Oct/2022 19:35:54] "GET /static/admin/img/icon-deletelink.svg HTTP/1.1" 304 0
[19/Oct/2022 19:35:54] "GET /admin/jsi18n/ HTTP/1.1" 200 8911
[19/Oct/2022 19:35:54] "GET /static/admin/img/icon-viewlink.svg HTTP/1.1" 304 0
[19/Oct/2022 19:36:01] "GET /admin/app/customer/ HTTP/1.1" 200 18226
[19/Oct/2022 19:36:01] "GET /admin/jsi18n/ HTTP/1.1" 200 8911
[19/Oct/2022 19:36:02] "GET /admin/app/market/ HTTP/1.1" 200 20469
[19/Oct/2022 19:36:02] "GET /admin/jsi18n/ HTTP/1.1" 200 8911
[19/Oct/2022 19:36:04] "GET /admin/app/customer/ HTTP/1.1" 200 18226
[19/Oct/2022 19:36:04] "GET /admin/jsi18n/ HTTP/1.1" 200 8911
[19/Oct/2022 19:36:04] "GET /admin/app/market/ HTTP/1.1" 200 20469
[19/Oct/2022 19:36:04] "GET /admin/jsi18n/ HTTP/1.1" 200 8911
[19/Oct/2022 19:36:05] "GET /admin/app/market/975-64-13157/change/ HTTP/1.1" 200 20708
[19/Oct/2022 19:36:05] "GET /admin/jsi18n/ HTTP/1.1" 200 8911
[19/Oct/2022 19:36:13] "GET /admin/app/market/ HTTP/1.1" 200 20469
/home/ubuntu/FoodTestingBack/app/models.py changed, reloading.
base_dir:  /home/ubuntu/FoodTestingBack
Watching for file changes with StatReloader
Performing system checks...

System check identified no issues (0 silenced).
October 19, 2022 - 19:37:23
Django version 4.1.2, using settings 'foodTestingProject.settings'
Starting development server at http://ec2-13-124-42-211.ap-northeast-2.compute.amazonaws.com:8000/
Quit the server with CONTROL-C.
[19/Oct/2022 19:37:29] "GET /admin/app/market/ HTTP/1.1" 200 20469
[19/Oct/2022 19:37:29] "GET /admin/jsi18n/ HTTP/1.1" 200 8911
[19/Oct/2022 19:37:31] "GET /admin/app/market/975-64-13157/change/ HTTP/1.1" 200 20794
[19/Oct/2022 19:37:31] "GET /admin/jsi18n/ HTTP/1.1" 200 8911
[19/Oct/2022 19:37:32] "GET /img/img/image001_lVCm8P7.png HTTP/1.1" 200 192990
[19/Oct/2022 19:37:34] "GET /admin/app/market/975-64-13157/change/ HTTP/1.1" 200 20794
[19/Oct/2022 19:37:35] "GET /admin/app/customer/ HTTP/1.1" 200 18226
[19/Oct/2022 19:37:35] "GET /admin/jsi18n/ HTTP/1.1" 200 8911
[19/Oct/2022 19:37:37] "GET /admin/app/customer/fb7ef791-6185-40a5-b97d-bf4e6d4b4d89/change/ HTTP/1.1" 200 11973
[19/Oct/2022 19:37:37] "GET /admin/jsi18n/ HTTP/1.1" 200 8911
[19/Oct/2022 19:37:45] "GET /admin/app/customer/ HTTP/1.1" 200 18226
[19/Oct/2022 19:37:45] "GET /admin/jsi18n/ HTTP/1.1" 200 8911
[19/Oct/2022 19:39:30] "GET /admin/app/customer/fb7ef791-6185-40a5-b97d-bf4e6d4b4d89/change/ HTTP/1.1" 200 11973
[19/Oct/2022 19:39:30] "GET /admin/jsi18n/ HTTP/1.1" 200 8911
[19/Oct/2022 19:39:33] "GET /admin/app/market/ HTTP/1.1" 200 20469
[19/Oct/2022 19:39:33] "GET /admin/jsi18n/ HTTP/1.1" 200 8911
[19/Oct/2022 19:39:34] "GET /admin/app/market/975-64-13157/change/ HTTP/1.1" 200 20794
[19/Oct/2022 19:39:34] "GET /admin/jsi18n/ HTTP/1.1" 200 8911
[19/Oct/2022 19:39:40] "GET /admin/app/post/ HTTP/1.1" 200 17304
[19/Oct/2022 19:39:40] "GET /admin/jsi18n/ HTTP/1.1" 200 8911
[19/Oct/2022 19:39:43] "GET /admin/app/post/f62d502b-3843-4eba-96b7-a3a6bb2a707b/change/ HTTP/1.1" 200 24799
[19/Oct/2022 19:39:43] "GET /admin/jsi18n/ HTTP/1.1" 200 8911
/home/ubuntu/FoodTestingBack/app/models.py changed, reloading.
base_dir:  /home/ubuntu/FoodTestingBack
Watching for file changes with StatReloader
Performing system checks...

System check identified no issues (0 silenced).
October 19, 2022 - 19:40:54
Django version 4.1.2, using settings 'foodTestingProject.settings'
Starting development server at http://ec2-13-124-42-211.ap-northeast-2.compute.amazonaws.com:8000/
Quit the server with CONTROL-C.
[19/Oct/2022 19:40:57] "GET /admin/app/post/ HTTP/1.1" 200 17304
[19/Oct/2022 19:40:57] "GET /admin/app/post/ HTTP/1.1" 200 17304
[19/Oct/2022 19:40:57] "GET /admin/jsi18n/ HTTP/1.1" 200 8911
[19/Oct/2022 19:40:58] "GET /admin/app/post/f62d502b-3843-4eba-96b7-a3a6bb2a707b/change/ HTTP/1.1" 200 24896
[19/Oct/2022 19:40:58] "GET /admin/jsi18n/ HTTP/1.1" 200 8911
[19/Oct/2022 19:41:03] "GET /admin/ HTTP/1.1" 200 6366
Not Found: /
[19/Oct/2022 21:07:29] "GET / HTTP/1.1" 404 3449
[19/Oct/2022 21:07:38] "GET /admin/ HTTP/1.1" 200 6366
[19/Oct/2022 21:07:39] "GET /static/admin/css/dark_mode.css HTTP/1.1" 304 0
[19/Oct/2022 21:07:39] "GET /static/admin/css/base.css HTTP/1.1" 304 0
[19/Oct/2022 21:07:39] "GET /static/admin/css/nav_sidebar.css HTTP/1.1" 304 0
[19/Oct/2022 21:07:39] "GET /static/admin/css/dashboard.css HTTP/1.1" 304 0
[19/Oct/2022 21:07:39] "GET /static/admin/js/nav_sidebar.js HTTP/1.1" 304 0
[19/Oct/2022 21:07:39] "GET /static/admin/css/responsive.css HTTP/1.1" 304 0
[19/Oct/2022 21:07:39] "GET /static/admin/css/fonts.css HTTP/1.1" 304 0
[19/Oct/2022 21:07:39] "GET /static/admin/img/icon-changelink.svg HTTP/1.1" 304 0
[19/Oct/2022 21:07:39] "GET /static/admin/img/icon-addlink.svg HTTP/1.1" 304 0
[19/Oct/2022 21:07:39] "GET /static/admin/fonts/Roboto-Light-webfont.woff HTTP/1.1" 304 0
[19/Oct/2022 21:07:39] "GET /static/admin/fonts/Roboto-Bold-webfont.woff HTTP/1.1" 304 0
[19/Oct/2022 21:07:39] "GET /static/admin/fonts/Roboto-Regular-webfont.woff HTTP/1.1" 304 0
[19/Oct/2022 21:07:42] "GET /admin/app/customer/ HTTP/1.1" 200 18226
[19/Oct/2022 21:07:42] "GET /static/admin/css/changelists.css HTTP/1.1" 304 0
[19/Oct/2022 21:07:42] "GET /static/admin/js/vendor/jquery/jquery.js HTTP/1.1" 304 0
[19/Oct/2022 21:07:42] "GET /static/admin/js/jquery.init.js HTTP/1.1" 304 0
[19/Oct/2022 21:07:42] "GET /static/admin/js/admin/RelatedObjectLookups.js HTTP/1.1" 304 0
[19/Oct/2022 21:07:42] "GET /static/admin/js/core.js HTTP/1.1" 304 0
[19/Oct/2022 21:07:42] "GET /admin/jsi18n/ HTTP/1.1" 200 8911
[19/Oct/2022 21:07:42] "GET /static/admin/js/actions.js HTTP/1.1" 304 0
[19/Oct/2022 21:07:42] "GET /static/admin/js/urlify.js HTTP/1.1" 304 0
[19/Oct/2022 21:07:42] "GET /static/admin/js/prepopulate.js HTTP/1.1" 304 0
[19/Oct/2022 21:07:42] "GET /static/admin/js/vendor/xregexp/xregexp.js HTTP/1.1" 304 0
[19/Oct/2022 21:07:42] "GET /static/admin/js/filters.js HTTP/1.1" 304 0
[19/Oct/2022 21:07:42] "GET /static/admin/img/tooltag-add.svg HTTP/1.1" 304 0
Not Found: /get/userinfo/
[19/Oct/2022 21:08:06] "GET /get/userinfo/?uuid=fb7ef791-6185-40a5-b97d-bf4e6d4b4d89 HTTP/1.1" 404 3548
[19/Oct/2022 22:12:45,442] - Broken pipe from ('167.94.146.58', 44242)
Not Found: /
[19/Oct/2022 22:12:46] "GET / HTTP/1.1" 404 3408
[19/Oct/2022 22:12:46,948] - Broken pipe from ('167.94.146.58', 59192)
Not Found: /
[19/Oct/2022 22:12:47] "GET / HTTP/1.1" 404 3408
[19/Oct/2022 22:12:47] code 505, message Invalid HTTP version (2.0)
[19/Oct/2022 22:12:47] "PRI * HTTP/2.0" 505 -
Not Found: /
[19/Oct/2022 23:01:08] "GET / HTTP/1.1" 404 3408
[20/Oct/2022 01:59:32] code 400, message Bad request syntax ('\x16\x03\x01\x00{\x01\x00\x00w\x03\x03VÀÔö\x9dûZ\x03d\x8cA\x8f')
[20/Oct/2022 01:59:32] You're accessing the development server over HTTPS, but it only supports HTTP.
[20/Oct/2022 01:59:32] code 400, message Bad request version ('À\x14À')
[20/Oct/2022 01:59:32] You're accessing the development server over HTTPS, but it only supports HTTP.
[20/Oct/2022 01:59:33] code 400, message Bad HTTP/0.9 request type ('\x16\x03\x01\x00{\x01\x00\x00w\x03\x03\x9d¢Ü$óøn\x97ñ\x00\x08\x18ÂFÄ¯ÂÙ·E\x0fmä4èNWÛÉË\x8d\x11\x00\x00\x1aÀ/À+À\x11À\x07À\x13À')
[20/Oct/2022 01:59:33] You're accessing the development server over HTTPS, but it only supports HTTP.
[20/Oct/2022 03:40:05] code 400, message Bad request syntax ('MGLNDD_13.124.42.211_8000')
[20/Oct/2022 03:40:05] "MGLNDD_13.124.42.211_8000" 400 -
[20/Oct/2022 04:05:48,577] - Broken pipe from ('167.248.133.119', 48754)
Not Found: /
[20/Oct/2022 04:05:49] "GET / HTTP/1.1" 404 3408
[20/Oct/2022 04:05:49,899] - Broken pipe from ('167.248.133.119', 42326)
Not Found: /
[20/Oct/2022 04:05:50] "GET / HTTP/1.1" 404 3408
[20/Oct/2022 04:05:50] code 505, message Invalid HTTP version (2.0)
[20/Oct/2022 04:05:50] "PRI * HTTP/2.0" 505 -
[20/Oct/2022 12:16:16] "GET /admin/ HTTP/1.1" 200 6366
[20/Oct/2022 12:16:17] "GET /static/admin/css/dark_mode.css HTTP/1.1" 304 0
[20/Oct/2022 12:16:17] "GET /static/admin/css/base.css HTTP/1.1" 304 0
[20/Oct/2022 12:16:17] "GET /static/admin/css/nav_sidebar.css HTTP/1.1" 304 0
[20/Oct/2022 12:16:17] "GET /static/admin/css/dashboard.css HTTP/1.1" 304 0
[20/Oct/2022 12:16:17] "GET /static/admin/css/responsive.css HTTP/1.1" 304 0
[20/Oct/2022 12:16:17] "GET /static/admin/js/nav_sidebar.js HTTP/1.1" 304 0
[20/Oct/2022 12:16:17] "GET /static/admin/css/fonts.css HTTP/1.1" 304 0
[20/Oct/2022 12:16:17] "GET /static/admin/fonts/Roboto-Regular-webfont.woff HTTP/1.1" 304 0
[20/Oct/2022 12:16:17] "GET /static/admin/img/icon-changelink.svg HTTP/1.1" 304 0
[20/Oct/2022 12:16:17] "GET /static/admin/fonts/Roboto-Light-webfont.woff HTTP/1.1" 304 0
[20/Oct/2022 12:16:17] "GET /static/admin/fonts/Roboto-Bold-webfont.woff HTTP/1.1" 304 0
[20/Oct/2022 12:16:17] "GET /static/admin/img/icon-addlink.svg HTTP/1.1" 304 0
base_dir:  /home/ubuntu/FoodTestingBack
base_dir:  /home/ubuntu/FoodTestingBack
Watching for file changes with StatReloader
Performing system checks...

System check identified no issues (0 silenced).
November 02, 2022 - 10:56:07
Django version 4.1.2, using settings 'foodTestingProject.settings'
Starting development server at http://0:8000/
Quit the server with CONTROL-C.
Not Found: /
[02/Nov/2022 10:57:11] "GET / HTTP/1.1" 404 4432
Not Found: /
[02/Nov/2022 10:58:06] "GET / HTTP/1.1" 404 4432
Not Found: /favicon.ico
[02/Nov/2022 10:58:06] "GET /favicon.ico HTTP/1.1" 404 4483
[02/Nov/2022 10:58:23] "GET /img/img/image001.png HTTP/1.1" 200 192990
[02/Nov/2022 10:58:26] "GET /admin/ HTTP/1.1" 200 6718
[02/Nov/2022 10:58:27] "GET /admin/login/?next=/admin/ HTTP/1.1" 302 0
[02/Nov/2022 10:58:27] "GET /admin/ HTTP/1.1" 200 6718
Not Found: /
[02/Nov/2022 10:58:32] "GET / HTTP/1.1" 404 4432
[02/Nov/2022 10:59:09] "GET /admin HTTP/1.1" 301 0
[02/Nov/2022 10:59:09] "GET /admin/ HTTP/1.1" 302 0
[02/Nov/2022 10:59:09] "GET /admin/login/?next=/admin/ HTTP/1.1" 200 2238
[02/Nov/2022 10:59:09] "GET /static/admin/css/base.css HTTP/1.1" 200 20344
[02/Nov/2022 10:59:09] "GET /static/admin/css/dark_mode.css HTTP/1.1" 200 796
[02/Nov/2022 10:59:09] "GET /static/admin/css/responsive.css HTTP/1.1" 200 18854
[02/Nov/2022 10:59:09] "GET /static/admin/css/login.css HTTP/1.1" 200 958
[02/Nov/2022 10:59:09] "GET /static/admin/js/nav_sidebar.js HTTP/1.1" 200 3763
[02/Nov/2022 10:59:09] "GET /static/admin/css/nav_sidebar.css HTTP/1.1" 200 2619
[02/Nov/2022 10:59:09] "GET /static/admin/css/fonts.css HTTP/1.1" 200 423
[02/Nov/2022 10:59:10] "GET /static/admin/fonts/Roboto-Regular-webfont.woff HTTP/1.1" 200 85876
[02/Nov/2022 10:59:10] "GET /static/admin/fonts/Roboto-Light-webfont.woff HTTP/1.1" 200 85692
[02/Nov/2022 10:59:18] "POST /admin/login/?next=/admin/ HTTP/1.1" 302 0
[02/Nov/2022 10:59:18] "GET /admin/ HTTP/1.1" 200 6718
[02/Nov/2022 10:59:20] "GET /static/admin/css/dashboard.css HTTP/1.1" 200 380
[02/Nov/2022 10:59:20] "GET /static/admin/img/icon-changelink.svg HTTP/1.1" 200 380
[02/Nov/2022 10:59:20] "GET /static/admin/img/icon-addlink.svg HTTP/1.1" 200 331
[02/Nov/2022 10:59:20] "GET /static/admin/fonts/Roboto-Bold-webfont.woff HTTP/1.1" 200 86184
[02/Nov/2022 10:59:24] "GET /admin/app/customer/ HTTP/1.1" 200 20342
[02/Nov/2022 10:59:24] "GET /static/admin/js/admin/RelatedObjectLookups.js HTTP/1.1" 200 8985
[02/Nov/2022 10:59:24] "GET /static/admin/js/jquery.init.js HTTP/1.1" 200 347
[02/Nov/2022 10:59:24] "GET /static/admin/js/core.js HTTP/1.1" 200 5698
[02/Nov/2022 10:59:24] "GET /static/admin/css/changelists.css HTTP/1.1" 200 6395
[02/Nov/2022 10:59:24] "GET /static/admin/js/vendor/jquery/jquery.js HTTP/1.1" 200 288580
[02/Nov/2022 10:59:24] "GET /static/admin/js/actions.js HTTP/1.1" 200 7872
[02/Nov/2022 10:59:24] "GET /static/admin/js/prepopulate.js HTTP/1.1" 200 1531
[02/Nov/2022 10:59:24] "GET /static/admin/js/urlify.js HTTP/1.1" 200 7902
[02/Nov/2022 10:59:24] "GET /admin/jsi18n/ HTTP/1.1" 200 8911
[02/Nov/2022 10:59:24] "GET /static/admin/js/vendor/xregexp/xregexp.js HTTP/1.1" 200 232381
[02/Nov/2022 10:59:24] "GET /static/admin/js/filters.js HTTP/1.1" 200 966
[02/Nov/2022 10:59:25] "GET /static/admin/img/tooltag-add.svg HTTP/1.1" 200 331
[02/Nov/2022 10:59:26] "GET /admin/app/customer/ HTTP/1.1" 302 0
[02/Nov/2022 10:59:27] "GET /admin/login/?next=/admin/app/customer/ HTTP/1.1" 200 2264
[02/Nov/2022 10:59:28] "GET /static/admin/css/responsive.css HTTP/1.1" 200 18854
[02/Nov/2022 10:59:28] "GET /static/admin/css/dark_mode.css HTTP/1.1" 200 796
[02/Nov/2022 10:59:28] "GET /static/admin/css/login.css HTTP/1.1" 200 958
[02/Nov/2022 10:59:28] "GET /static/admin/js/nav_sidebar.js HTTP/1.1" 200 3763
[02/Nov/2022 10:59:28] "GET /static/admin/css/nav_sidebar.css HTTP/1.1" 200 2619
[02/Nov/2022 10:59:28] "GET /static/admin/css/base.css HTTP/1.1" 200 20344
[02/Nov/2022 10:59:29] "GET /static/admin/css/fonts.css HTTP/1.1" 200 423
[02/Nov/2022 10:59:29] "GET /static/admin/fonts/Roboto-Light-webfont.woff HTTP/1.1" 200 85692
[02/Nov/2022 10:59:29] "GET /static/admin/fonts/Roboto-Regular-webfont.woff HTTP/1.1" 200 85876
[02/Nov/2022 10:59:30] "GET /admin/app/customer/asdfrewq/change/ HTTP/1.1" 200 11811
[02/Nov/2022 10:59:30] "GET /static/admin/js/prepopulate_init.js HTTP/1.1" 200 586
[02/Nov/2022 10:59:30] "GET /static/admin/css/forms.css HTTP/1.1" 200 8944
[02/Nov/2022 10:59:30] "GET /admin/jsi18n/ HTTP/1.1" 200 8911
[02/Nov/2022 10:59:30] "GET /static/admin/css/widgets.css HTTP/1.1" 200 11297
[02/Nov/2022 10:59:30] "GET /static/admin/js/change_form.js HTTP/1.1" 200 606
[02/Nov/2022 10:59:32] "GET /admin/app/customer/ HTTP/1.1" 200 20342
[02/Nov/2022 10:59:32] "GET /admin/jsi18n/ HTTP/1.1" 200 8911
[02/Nov/2022 10:59:35] "GET /admin/app/market/ HTTP/1.1" 200 20469
[02/Nov/2022 10:59:35] "GET /admin/jsi18n/ HTTP/1.1" 200 8911
[02/Nov/2022 10:59:42] "GET /admin/app/post/ HTTP/1.1" 200 17304
[02/Nov/2022 10:59:42] "GET /admin/jsi18n/ HTTP/1.1" 200 8911
[02/Nov/2022 10:59:48] "GET /admin/app/quesbymarket/ HTTP/1.1" 200 8181
[02/Nov/2022 10:59:48] "GET /admin/jsi18n/ HTTP/1.1" 200 8911
[02/Nov/2022 10:59:50] "GET /admin/app/quesbymarket/007-26-15182/change/ HTTP/1.1" 200 16658
[02/Nov/2022 10:59:50] "GET /static/admin/img/icon-deletelink.svg HTTP/1.1" 200 392
[02/Nov/2022 10:59:50] "GET /admin/jsi18n/ HTTP/1.1" 200 8911
[02/Nov/2022 10:59:50] "GET /static/admin/img/icon-viewlink.svg HTTP/1.1" 200 581
[02/Nov/2022 10:59:52] "GET /admin/app/questionlist/ HTTP/1.1" 200 12229
[02/Nov/2022 10:59:52] "GET /admin/jsi18n/ HTTP/1.1" 200 8911
[02/Nov/2022 10:59:56] "GET /admin/app/review/ HTTP/1.1" 200 9464
[02/Nov/2022 10:59:56] "GET /admin/jsi18n/ HTTP/1.1" 200 8911
[02/Nov/2022 10:59:58] "GET /admin/app/questionlist/ HTTP/1.1" 200 12229
[02/Nov/2022 10:59:58] "GET /admin/jsi18n/ HTTP/1.1" 200 8911
[02/Nov/2022 11:00:05] "GET /admin/app/quesbymarket/ HTTP/1.1" 200 8181
[02/Nov/2022 11:00:05] "GET /admin/jsi18n/ HTTP/1.1" 200 8911
[02/Nov/2022 11:00:07] "GET /admin/app/post/ HTTP/1.1" 200 17304
[02/Nov/2022 11:00:07] "GET /admin/jsi18n/ HTTP/1.1" 200 8911
[02/Nov/2022 11:00:08] "GET /admin/app/customer/ HTTP/1.1" 200 20342
[02/Nov/2022 11:00:08] "GET /admin/jsi18n/ HTTP/1.1" 200 8911
[02/Nov/2022 11:02:01] "GET /admin/app/post/ HTTP/1.1" 200 17304
[02/Nov/2022 11:02:02] "GET /admin/app/quesbymarket/ HTTP/1.1" 200 8181
[02/Nov/2022 11:02:02] "GET /admin/app/questionlist/ HTTP/1.1" 200 12229
[02/Nov/2022 11:02:03] "GET /admin/app/review/ HTTP/1.1" 200 9464
[02/Nov/2022 11:02:03] "GET /admin/app/questionlist/ HTTP/1.1" 200 12229
[02/Nov/2022 11:02:04] "GET /admin/app/quesbymarket/007-26-15182/change/ HTTP/1.1" 200 16658
[02/Nov/2022 11:02:04] "GET /admin/app/quesbymarket/ HTTP/1.1" 200 8181
Not Found: /
[02/Nov/2022 11:02:09] "GET / HTTP/1.1" 404 4432
[02/Nov/2022 11:02:30] "GET /admin/ HTTP/1.1" 200 6718
[02/Nov/2022 11:02:32] "GET /admin/app/customer/ HTTP/1.1" 200 20342
[02/Nov/2022 11:02:32] "GET /admin/jsi18n/ HTTP/1.1" 200 8911
[02/Nov/2022 11:02:35] "GET /admin/app/customer/fb7ef791-6185-40a5-b97d-bf4e6d4b4d89/change/ HTTP/1.1" 200 11963
[02/Nov/2022 11:02:35] "GET /admin/jsi18n/ HTTP/1.1" 200 8911
[02/Nov/2022 11:02:53] "GET /admin/app/customer/ HTTP/1.1" 200 20342
[02/Nov/2022 11:02:53] "GET /admin/jsi18n/ HTTP/1.1" 200 8911
Not Found: /
[02/Nov/2022 11:03:09] "GET / HTTP/1.1" 404 4432
[02/Nov/2022 11:03:29] "POST /register/userinfo HTTP/1.1" 201 188
[02/Nov/2022 11:03:36] "GET /admin/app/customer/ HTTP/1.1" 200 20665
[02/Nov/2022 11:03:36] "GET /admin/jsi18n/ HTTP/1.1" 200 8911
[02/Nov/2022 11:03:45] "GET /login/email=syZqWpJSgNgr@test.com&pw=6Li+A!%7C@Fz HTTP/1.1" 200 229
[02/Nov/2022 11:04:10] "GET /login/email=ddd@ddd.ddd&pw=1234 HTTP/1.1" 200 207
[02/Nov/2022 11:33:27] "GET /login/email=ddd@ddd.ddd&pw=1234 HTTP/1.1" 200 207
[02/Nov/2022 12:42:06,259] - Broken pipe from ('18.135.17.26', 21345)
[02/Nov/2022 12:53:27,525] - Broken pipe from ('18.135.17.26', 21345)
[02/Nov/2022 13:04:47,258] - Broken pipe from ('18.135.17.26', 21345)
Not Found: /
[02/Nov/2022 13:11:44] "GET / HTTP/1.1" 404 4391
[02/Nov/2022 13:16:08,924] - Broken pipe from ('18.135.17.26', 21345)
[02/Nov/2022 13:27:30,404] - Broken pipe from ('18.135.17.26', 21345)
[02/Nov/2022 13:42:36] code 400, message Bad request version ('À\x14À')
[02/Nov/2022 13:42:36] You're accessing the development server over HTTPS, but it only supports HTTP.
Not Found: /favicon.ico
[02/Nov/2022 13:42:38] "GET /favicon.ico HTTP/1.1" 404 4442
[02/Nov/2022 13:42:40] code 400, message Bad request version ('ÍÇµ\x87@©iÕ\x13ú')
[02/Nov/2022 13:42:40] You're accessing the development server over HTTPS, but it only supports HTTP.
Not Found: /manage/account/login
[02/Nov/2022 13:42:42] "GET /manage/account/login HTTP/1.1" 404 4469
[02/Nov/2022 13:42:44] code 400, message Bad request version ('À\x14À')
[02/Nov/2022 13:42:44] You're accessing the development server over HTTPS, but it only supports HTTP.
[02/Nov/2022 13:42:46] "GET /admin/index.html HTTP/1.1" 302 0
[02/Nov/2022 13:42:48] code 400, message Bad request version ('À\x14À')
[02/Nov/2022 13:42:48] You're accessing the development server over HTTPS, but it only supports HTTP.
Not Found: /index.html
[02/Nov/2022 13:42:50] "GET /index.html HTTP/1.1" 404 4439
[02/Nov/2022 13:42:52] code 400, message Bad request version ('/H\x8b8Ò\x8cé\x16^ó')
[02/Nov/2022 13:42:52] You're accessing the development server over HTTPS, but it only supports HTTP.
Not Found: /
[02/Nov/2022 13:42:54] "GET / HTTP/1.1" 404 4391
[02/Nov/2022 14:36:26] code 400, message Bad request version ('À\x14À')
[02/Nov/2022 14:36:26] You're accessing the development server over HTTPS, but it only supports HTTP.
/home/ubuntu/FoodTestingBack/app/views.py changed, reloading.
base_dir:  /home/ubuntu/FoodTestingBack
Watching for file changes with StatReloader
Performing system checks...

System check identified no issues (0 silenced).
November 02, 2022 - 15:17:33
Django version 4.1.2, using settings 'foodTestingProject.settings'
Starting development server at http://0:8000/
Quit the server with CONTROL-C.
Not Found: /
[02/Nov/2022 15:18:19] "GET / HTTP/1.1" 404 4432
[02/Nov/2022 16:16:28,156] - Broken pipe from ('167.94.145.60', 56260)
Not Found: /
[02/Nov/2022 16:16:29] "GET / HTTP/1.1" 404 4391
[02/Nov/2022 16:16:29,645] - Broken pipe from ('167.94.145.60', 38710)
Not Found: /
[02/Nov/2022 16:16:29] "GET / HTTP/1.1" 404 4391
[02/Nov/2022 16:16:30] code 505, message Invalid HTTP version (2.0)
[02/Nov/2022 16:16:30] "PRI * HTTP/2.0" 505 -
[02/Nov/2022 20:04:57] code 400, message Bad request version ('À\x14À')
[02/Nov/2022 20:04:57] You're accessing the development server over HTTPS, but it only supports HTTP.
[02/Nov/2022 20:04:57] code 400, message Bad HTTP/0.9 request type ('\x16\x03\x01\x00{\x01\x00\x00w\x03\x03Ö#6²tSËÔ\x99¾X5q\x91Ð"¼§!Q\x8b¥Åû®\x1a"´bb\x86o\x00\x00\x1aÀ/À+À\x11À\x07À\x13À')
[02/Nov/2022 20:04:57] You're accessing the development server over HTTPS, but it only supports HTTP.
[02/Nov/2022 20:04:57] code 400, message Bad request version ('À\x14À')
[02/Nov/2022 20:04:57] You're accessing the development server over HTTPS, but it only supports HTTP.
Not Found: /
[02/Nov/2022 22:59:25] "GET / HTTP/1.1" 404 4391
Not Found: /
[03/Nov/2022 01:10:48] "GET / HTTP/1.1" 404 4391
[03/Nov/2022 01:10:48,383] - Broken pipe from ('34.78.6.216', 46892)
